<?xml version="1.0" encoding="UTF-8"?>
<!-- Generated by org.testng.reporters.JUnitXMLReporter -->
<testsuite hostname="LAPTOP-SMC8HIAI" name="Default test" tests="5" failures="0" timestamp="24 Oct 2019 19:52:13 GMT" time="0.673" errors="0">
  <testcase name="test" time="0.007" classname="com.findelements.TestDatap"/>
  <testcase name="test" time="0.0" classname="com.findelements.TestDatap"/>
  <testcase name="test" time="0.0" classname="com.findelements.TestDatap"/>
  <testcase name="test" time="0.0" classname="com.findelements.TestDatap"/>
  <testcase name="test" time="0.0" classname="com.findelements.TestDatap"/>
</testsuite> <!-- Default test -->
