<?xml version="1.0" encoding="UTF-8"?>
<testng-results skipped="0" failed="0" total="5" passed="5">
  <reporter-output>
    <line>
      <![CDATA[kittu]]>
    </line>
    <line>
      <![CDATA[1.0]]>
    </line>
    <line>
      <![CDATA[pittu]]>
    </line>
    <line>
      <![CDATA[2.0]]>
    </line>
    <line>
      <![CDATA[suttu]]>
    </line>
    <line>
      <![CDATA[3.0]]>
    </line>
    <line>
      <![CDATA[attu]]>
    </line>
    <line>
      <![CDATA[4.0]]>
    </line>
    <line>
      <![CDATA[santuu]]>
    </line>
    <line>
      <![CDATA[5.0]]>
    </line>
    <line>
      <![CDATA[kittu]]>
    </line>
    <line>
      <![CDATA[1.0]]>
    </line>
    <line>
      <![CDATA[pittu]]>
    </line>
    <line>
      <![CDATA[2.0]]>
    </line>
    <line>
      <![CDATA[suttu]]>
    </line>
    <line>
      <![CDATA[3.0]]>
    </line>
    <line>
      <![CDATA[attu]]>
    </line>
    <line>
      <![CDATA[4.0]]>
    </line>
    <line>
      <![CDATA[santuu]]>
    </line>
    <line>
      <![CDATA[5.0]]>
    </line>
  </reporter-output>
  <suite name="Default suite" duration-ms="673" started-at="2019-10-24T19:52:12Z" finished-at="2019-10-24T19:52:13Z">
    <groups>
    </groups>
    <test name="Default test" duration-ms="673" started-at="2019-10-24T19:52:12Z" finished-at="2019-10-24T19:52:13Z">
      <class name="com.findelements.TestDatap">
        <test-method status="PASS" signature="test(java.lang.String, java.lang.String)[pri:0, instance:com.findelements.TestDatap@4b6995df]" name="test" duration-ms="7" started-at="2019-10-25T01:22:13Z" data-provider="createUser" finished-at="2019-10-25T01:22:13Z">
          <params>
            <param index="0">
              <value>
                <![CDATA[kittu]]>
              </value>
            </param>
            <param index="1">
              <value>
                <![CDATA[1.0]]>
              </value>
            </param>
          </params>
          <reporter-output>
            <line>
              <![CDATA[kittu]]>
            </line>
            <line>
              <![CDATA[1.0]]>
            </line>
          </reporter-output>
        </test-method> <!-- test -->
        <test-method status="PASS" signature="test(java.lang.String, java.lang.String)[pri:0, instance:com.findelements.TestDatap@4b6995df]" name="test" duration-ms="0" started-at="2019-10-25T01:22:13Z" data-provider="createUser" finished-at="2019-10-25T01:22:13Z">
          <params>
            <param index="0">
              <value>
                <![CDATA[pittu]]>
              </value>
            </param>
            <param index="1">
              <value>
                <![CDATA[2.0]]>
              </value>
            </param>
          </params>
          <reporter-output>
            <line>
              <![CDATA[pittu]]>
            </line>
            <line>
              <![CDATA[2.0]]>
            </line>
          </reporter-output>
        </test-method> <!-- test -->
        <test-method status="PASS" signature="test(java.lang.String, java.lang.String)[pri:0, instance:com.findelements.TestDatap@4b6995df]" name="test" duration-ms="0" started-at="2019-10-25T01:22:13Z" data-provider="createUser" finished-at="2019-10-25T01:22:13Z">
          <params>
            <param index="0">
              <value>
                <![CDATA[attu]]>
              </value>
            </param>
            <param index="1">
              <value>
                <![CDATA[4.0]]>
              </value>
            </param>
          </params>
          <reporter-output>
            <line>
              <![CDATA[attu]]>
            </line>
            <line>
              <![CDATA[4.0]]>
            </line>
          </reporter-output>
        </test-method> <!-- test -->
        <test-method status="PASS" signature="test(java.lang.String, java.lang.String)[pri:0, instance:com.findelements.TestDatap@4b6995df]" name="test" duration-ms="0" started-at="2019-10-25T01:22:13Z" data-provider="createUser" finished-at="2019-10-25T01:22:13Z">
          <params>
            <param index="0">
              <value>
                <![CDATA[santuu]]>
              </value>
            </param>
            <param index="1">
              <value>
                <![CDATA[5.0]]>
              </value>
            </param>
          </params>
          <reporter-output>
            <line>
              <![CDATA[santuu]]>
            </line>
            <line>
              <![CDATA[5.0]]>
            </line>
          </reporter-output>
        </test-method> <!-- test -->
        <test-method status="PASS" signature="test(java.lang.String, java.lang.String)[pri:0, instance:com.findelements.TestDatap@4b6995df]" name="test" duration-ms="0" started-at="2019-10-25T01:22:13Z" data-provider="createUser" finished-at="2019-10-25T01:22:13Z">
          <params>
            <param index="0">
              <value>
                <![CDATA[suttu]]>
              </value>
            </param>
            <param index="1">
              <value>
                <![CDATA[3.0]]>
              </value>
            </param>
          </params>
          <reporter-output>
            <line>
              <![CDATA[suttu]]>
            </line>
            <line>
              <![CDATA[3.0]]>
            </line>
          </reporter-output>
        </test-method> <!-- test -->
      </class> <!-- com.findelements.TestDatap -->
    </test> <!-- Default test -->
  </suite> <!-- Default suite -->
</testng-results>
